<?xml version="1.0" encoding="UTF-8"?>
<!-- Generated by org.testng.reporters.JUnitReportReporter -->
<testsuite hostname="DESKTOP-VC8FMVO" failures="0" tests="8" name="NetMemTypeProfileTest._1_NetMemTypeProfileTest" time="36.210" errors="0" timestamp="2023-07-01T12:48:29 IST" skipped="7">
  <testcase classname="NetMemTypeProfileTest._1_NetMemTypeProfileTest" name="eleTest" time="36.210"/>
  <testcase classname="NetMemTypeProfileTest._1_NetMemTypeProfileTest" name="saveBtnTest">
    <skipped/>
  </testcase> <!-- saveBtnTest -->
  <testcase classname="NetMemTypeProfileTest._1_NetMemTypeProfileTest" name="JBMLogoTest">
    <skipped/>
  </testcase> <!-- JBMLogoTest -->
  <testcase classname="NetMemTypeProfileTest._1_NetMemTypeProfileTest" name="remarkTest">
    <skipped/>
  </testcase> <!-- remarkTest -->
  <testcase classname="NetMemTypeProfileTest._1_NetMemTypeProfileTest" name="finYearLebalTest">
    <skipped/>
  </testcase> <!-- finYearLebalTest -->
  <testcase classname="NetMemTypeProfileTest._1_NetMemTypeProfileTest" name="shortNemeTest">
    <skipped/>
  </testcase> <!-- shortNemeTest -->
  <testcase classname="NetMemTypeProfileTest._1_NetMemTypeProfileTest" name="netTypeTest">
    <skipped/>
  </testcase> <!-- netTypeTest -->
  <testcase classname="NetMemTypeProfileTest._1_NetMemTypeProfileTest" name="nameTest">
    <skipped/>
  </testcase> <!-- nameTest -->
</testsuite> <!-- NetMemTypeProfileTest._1_NetMemTypeProfileTest -->
